0.8304 	WARNING 	We strongly recommend you activate the PTB sound engine in PsychoPy prefs as the preferred audio engine. Its timing is vastly superior. Your prefs are currently set to use ['sounddevice', 'PTB', 'pyo', 'pygame'] (in that order).
11.6898 	WARNING 	User requested fullscreen with size [1280  720], but screen is actually [1920, 1080]. Using actual size
15.4699 	EXP 	Created window1 = Window(allowGUI=False, allowStencil=False, autoLog=True, backendConf=UNKNOWN, bitsMode=UNKNOWN, blendMode='avg', bpc=(8, 8, 8), color=array([0, 0, 0]), colorSpace='rgb', depthBits=8, fullscr=<method-wrapper '__getattribute__' of attributeSetter object at 0x00000149821FBA90>, gamma=None, gammaErrorPolicy='raise', lms=UNKNOWN, monitor=<psychopy.monitors.calibTools.Monitor object at 0x0000014982258470>, multiSample=False, name='window1', numSamples=2, pos=[0.0, 0.0], screen=0, size=array([1920, 1080]), stencilBits=0, stereo=False, units='height', useFBO=True, useRetina=False, viewOri=0.0, viewPos=None, viewScale=None, waitBlanking=True, winType='pyglet')
15.4705 	EXP 	window1: mouseVisible = True
15.4706 	EXP 	window1: recordFrameIntervals = False
15.6357 	EXP 	window1: recordFrameIntervals = True
15.8195 	EXP 	window1: recordFrameIntervals = False
16.0578 	EXP 	Created text = TextStim(__class__=<class 'psychopy.visual.text.TextStim'>, alignHoriz=method-wrapper(...), alignText='center', alignVert=method-wrapper(...), anchorHoriz='center', anchorVert='center', antialias=True, autoLog=True, bold=False, color=array([0.12941176, 0.86666667, 0.12941176]), colorSpace='rgb', contrast=1.0, depth=0.0, flipHoriz=False, flipVert=False, font='Arial', fontFiles=[], height=0.03, italic=False, languageStyle='LTR', name='text', opacity=1, ori=0.0, pos=array([0., 0.]), rgb=UNKNOWN, text=str(...), units='height', win=Window(...), wrapWidth=1)
16.1419 	EXP 	Created text_6 = TextStim(__class__=<class 'psychopy.visual.text.TextStim'>, alignHoriz=method-wrapper(...), alignText='center', alignVert=method-wrapper(...), anchorHoriz='center', anchorVert='center', antialias=True, autoLog=True, bold=False, color=array([1, 1, 1]), colorSpace='rgb', contrast=1.0, depth=0.0, flipHoriz=False, flipVert=False, font='Arial', fontFiles=[], height=0.08, italic=False, languageStyle='LTR', name='text_6', opacity=1.0, ori=0.0, pos=array([0. , 0.3]), rgb=UNKNOWN, text=str(...), units='norm', win=Window(...), wrapWidth=1)
16.1435 	EXP 	Created text_2 = TextStim(__class__=<class 'psychopy.visual.text.TextStim'>, alignHoriz=method-wrapper(...), alignText='center', alignVert=method-wrapper(...), anchorHoriz='center', anchorVert='center', antialias=True, autoLog=True, bold=False, color=array([0.35686275, 0.69411765, 0.80392157]), colorSpace='rgb', contrast=1.0, depth=0.0, flipHoriz=False, flipVert=False, font='Arial', fontFiles=[], height=0.1, italic=False, languageStyle='LTR', name='text_2', opacity=1, ori=0.0, pos=array([0.  , 0.75]), rgb=UNKNOWN, text='', units='norm', win=Window(...), wrapWidth=1)
16.1474 	EXP 	window1: mouseVisible = True
16.1930 	EXP 	Created slider = Slider(__class__=<class 'psychopy.visual.slider.Slider'>, autoDraw=False, autoLog=True, borderColor=None, color=None, colorSpace='rgb', depth=-2, fillColor=None, flip=True, font='Arial', granularity=1.0, labelHeight=0.07, labelWrapWidth=None, labels=tuple(...), name='slider', opacity=None, pos=(0, -0.3), readOnly=False, self=UNKNOWN, size=(0.8, 0.5), style=method-wrapper(...), styleTweaks=method-wrapper(...), ticks=ndarray(...), units='norm', win=Window(...))
16.2524 	EXP 	Created text_6 = TextStim(__class__=<class 'psychopy.visual.text.TextStim'>, alignHoriz=method-wrapper(...), alignText='center', alignVert=method-wrapper(...), anchorHoriz='center', anchorVert='center', antialias=True, autoLog=True, bold=False, color=array([1, 1, 1]), colorSpace='rgb', contrast=1.0, depth=0.0, flipHoriz=False, flipVert=False, font='Arial', fontFiles=[], height=0.08, italic=False, languageStyle='LTR', name='text_6', opacity=1.0, ori=0.0, pos=array([0. , 0.3]), rgb=UNKNOWN, text=str(...), units='norm', win=Window(...), wrapWidth=1)
16.2666 	EXP 	Created text_5 = TextStim(__class__=<class 'psychopy.visual.text.TextStim'>, alignHoriz=method-wrapper(...), alignText='center', alignVert=method-wrapper(...), anchorHoriz='center', anchorVert='center', antialias=True, autoLog=True, bold=False, color=array([1, 1, 1]), colorSpace='rgb', contrast=1.0, depth=0.0, flipHoriz=False, flipVert=False, font='Open Sans', fontFiles=[], height=0.1, italic=False, languageStyle='LTR', name='text_5', opacity=1, ori=0.0, pos=array([0., 0.]), rgb=UNKNOWN, text='Please Wait', units='height', win=Window(...), wrapWidth=1)
16.2674 	EXP 	Created text_3 = TextStim(__class__=<class 'psychopy.visual.text.TextStim'>, alignHoriz=method-wrapper(...), alignText='center', alignVert=method-wrapper(...), anchorHoriz='center', anchorVert='center', antialias=True, autoLog=True, bold=False, color=array([0.35686275, 0.69411765, 0.80392157]), colorSpace='rgb', contrast=1.0, depth=0.0, flipHoriz=False, flipVert=False, font='Arial', fontFiles=[], height=0.1, italic=False, languageStyle='LTR', name='text_3', opacity=1, ori=0.0, pos=array([0.  , 0.75]), rgb=UNKNOWN, text='', units='norm', win=Window(...), wrapWidth=1)
16.2692 	EXP 	window1: mouseVisible = True
16.3411 	EXP 	Created slider_2 = Slider(__class__=<class 'psychopy.visual.slider.Slider'>, autoDraw=False, autoLog=True, borderColor=None, color=None, colorSpace='rgb', depth=-2, fillColor=None, flip=True, font='Arial', granularity=1.0, labelHeight=0.05, labelWrapWidth=None, labels=tuple(...), name='slider_2', opacity=None, pos=(0, -0.3), readOnly=False, self=UNKNOWN, size=(0.8, 0.5), style=method-wrapper(...), styleTweaks=method-wrapper(...), ticks=ndarray(...), units='norm', win=Window(...))
16.3751 	EXP 	Created text_4 = TextStim(__class__=<class 'psychopy.visual.text.TextStim'>, alignHoriz=method-wrapper(...), alignText='center', alignVert=method-wrapper(...), anchorHoriz='center', anchorVert='center', antialias=True, autoLog=True, bold=False, color=array([1, 1, 1]), colorSpace='rgb', contrast=1.0, depth=0.0, flipHoriz=False, flipVert=False, font='Open Sans', fontFiles=[], height=0.1, italic=False, languageStyle='LTR', name='text_4', opacity=1, ori=0.0, pos=array([0., 0.]), rgb=UNKNOWN, text='THANKS FOR YOUR PARTICIPATION!', units='height', win=Window(...), wrapWidth=1)
16.4138 	EXP 	slider: autoLog = True
16.4138 	EXP 	slider: markerPos = None
16.4138 	EXP 	slider: rating = None
16.4138 	EXP 	slider: markerPos = None
16.4138 	EXP 	slider: contrast = 1.0
16.4138 	EXP 	slider: autoLog = True
16.4138 	EXP 	slider: styleTweaks = []
16.4138 	EXP 	slider: style = 'slider'
16.4138 	EXP 	slider: styleTweaks = ['triangleMarker']
16.4138 	EXP 	slider_2: autoLog = True
16.4138 	EXP 	slider_2: markerPos = None
16.4138 	EXP 	slider_2: rating = None
16.4138 	EXP 	slider_2: markerPos = None
16.4138 	EXP 	slider_2: contrast = 1.0
16.4138 	EXP 	slider_2: autoLog = True
16.4138 	EXP 	slider_2: styleTweaks = []
16.4138 	EXP 	slider_2: style = 'slider'
16.4138 	EXP 	slider_2: styleTweaks = ['triangleMarker']
16.4138 	EXP 	text: autoDraw = True
41.2287 	DATA 	Keypress: space
41.2336 	EXP 	text: autoDraw = False
41.2336 	EXP 	text_6: autoDraw = True
42.0760 	DATA 	Keypress: space
42.1133 	EXP 	Imported Dictatorgame.xlsx as conditions, 5 conditions, 1 params
42.1144 	EXP 	Created sequence: random, trialTypes=5, nReps=1, seed=None
42.1152 	EXP 	New trial (rep=0, index=0): {'Name': 'Player 4'}
42.1439 	EXP 	text_6: autoDraw = False
42.1439 	EXP 	text_2: text = 'Player 4'
42.1439 	EXP 	slider: markerPos = None
42.1439 	EXP 	slider: markerPos = None
42.1439 	EXP 	slider: rating = None
42.1439 	EXP 	text_2: autoDraw = True
43.2166 	EXP 	slider: autoDraw = True
48.6716 	DATA 	Mouse: Left button down, pos=(549,481)
48.6947 	EXP 	slider: markerPos = 1.2430555555555558
48.7239 	EXP 	slider: markerPos = 1.2430555555555558
48.7530 	EXP 	slider: markerPos = 1.2430555555555558
48.7812 	EXP 	slider: markerPos = 1.2430555555555558
48.8099 	EXP 	slider: markerPos = 1.2430555555555558
48.8559 	EXP 	slider: markerPos = 1.2430555555555558
48.8974 	DATA 	Mouse:  Left button up, pos=(549,481)
48.9008 	EXP 	slider: markerPos = 1.2430555555555558
48.9311 	EXP 	slider: markerPos = 1.0
48.9311 	EXP 	slider: rating = 1.0
52.1712 	EXP 	text_2: autoDraw = False
56.3401 	DATA 	Mouse: Left button down, pos=(651,355)
56.3756 	EXP 	slider: markerPos = 2.4236111111111116
56.4020 	EXP 	slider: markerPos = 2.4236111111111116
56.4282 	EXP 	slider: markerPos = 2.4236111111111116
56.4539 	EXP 	slider: markerPos = 2.4236111111111116
56.4807 	EXP 	slider: markerPos = 2.4236111111111116
56.5073 	EXP 	slider: markerPos = 2.4236111111111116
56.5341 	EXP 	slider: markerPos = 2.4236111111111116
56.5618 	EXP 	slider: markerPos = 2.4236111111111116
56.5665 	DATA 	Mouse:  Left button up, pos=(651,355)
56.5902 	EXP 	slider: markerPos = 2.0
56.5902 	EXP 	slider: rating = 2.0
57.7914 	DATA 	Mouse: Left button down, pos=(731,363)
57.8391 	EXP 	slider: markerPos = 3.349537037037037
57.8808 	EXP 	slider: markerPos = 3.349537037037037
57.9247 	EXP 	slider: markerPos = 3.349537037037037
57.9646 	EXP 	slider: markerPos = 3.349537037037037
57.9890 	DATA 	Mouse:  Left button up, pos=(731,363)
57.9922 	EXP 	slider: markerPos = 3.349537037037037
58.0204 	EXP 	slider: markerPos = 3.0
58.0204 	EXP 	slider: rating = 3.0
59.0677 	DATA 	Mouse: Left button down, pos=(804,366)
59.0999 	EXP 	slider: markerPos = 4.194444444444445
59.1422 	EXP 	slider: markerPos = 4.194444444444445
59.1847 	EXP 	slider: markerPos = 4.194444444444445
59.2259 	EXP 	slider: markerPos = 4.194444444444445
59.2533 	EXP 	slider: markerPos = 4.194444444444445
59.2800 	DATA 	Mouse:  Left button up, pos=(804,366)
59.2836 	EXP 	slider: markerPos = 4.194444444444445
59.3327 	EXP 	slider: markerPos = 4.0
59.3327 	EXP 	slider: rating = 4.0
60.2736 	DATA 	Mouse: Left button down, pos=(885,370)
60.3092 	EXP 	slider: markerPos = 5.131944444444445
60.3544 	EXP 	slider: markerPos = 5.131944444444445
60.3947 	EXP 	slider: markerPos = 5.131944444444445
60.4214 	EXP 	slider: markerPos = 5.131944444444445
60.4482 	EXP 	slider: markerPos = 5.131944444444445
60.4728 	DATA 	Mouse:  Left button up, pos=(885,370)
60.4761 	EXP 	slider: markerPos = 5.131944444444445
60.5037 	EXP 	slider: markerPos = 5.0
60.5037 	EXP 	slider: rating = 5.0
63.1055 	EXP 	New trial (rep=0, index=1): {'Name': 'Player 3'}
63.1251 	DATA 	Keypress: space
63.1286 	EXP 	text_2: autoDraw = False
63.1286 	EXP 	slider: autoDraw = False
63.1286 	EXP 	text_2: text = 'Player 3'
63.1286 	EXP 	slider: markerPos = None
63.1286 	EXP 	slider: markerPos = None
63.1286 	EXP 	slider: rating = None
63.1286 	EXP 	text_2: autoDraw = True
64.1446 	EXP 	slider: autoDraw = True
67.6845 	DATA 	Keypress: escape
70.2459 	EXP 	window1: mouseVisible = True
